<?xml version="1.0" encoding="UTF-8"?>
<robot generator="Robot 6.0 (Python 3.11.0 on win32)" generated="20221027 21:56:08.545" rpa="false" schemaversion="3">
<suite id="s1" name="Login" source="C:\Users\Dell\Desktop\Robot_Practice\src\Pages\login.robot">
<test id="s1-t1" name="Launch Browser" line="21">
<kw name="Open Browser" library="SeleniumLibrary">
<arg>${url}</arg>
<arg>${browser}</arg>
<doc>Opens a new browser instance to the optional ``url``.</doc>
<msg timestamp="20221027 21:56:08.768" level="INFO">Opening browser 'Chrome' to base url 'https://talent-recruitment.test.bluestonepim.com/index.html'.</msg>
<status status="PASS" starttime="20221027 21:56:08.767" endtime="20221027 21:56:13.567"/>
</kw>
<kw name="Maximize Browser Window" library="SeleniumLibrary">
<doc>Maximizes current browser window.</doc>
<status status="PASS" starttime="20221027 21:56:13.568" endtime="20221027 21:56:13.717"/>
</kw>
<kw name="Wait Until Element Is Visible" library="SeleniumLibrary">
<arg>${txawelcome}</arg>
<doc>Waits until the element ``locator`` is visible.</doc>
<status status="PASS" starttime="20221027 21:56:13.717" endtime="20221027 21:56:13.750"/>
</kw>
<status status="PASS" starttime="20221027 21:56:08.767" endtime="20221027 21:56:13.751"/>
</test>
<test id="s1-t2" name="Login using admin@email.com and thisisverysecure" line="26">
<kw name="ValidLogin">
<arg>${username}</arg>
<arg>${password}</arg>
<kw name="Input Text" library="SeleniumLibrary">
<arg>${txtEmail}</arg>
<arg>${username}</arg>
<doc>Types the given ``text`` into the text field identified by ``locator``.</doc>
<msg timestamp="20221027 21:56:13.754" level="INFO">Typing text 'admin@email.com' into text field 'name:email'.</msg>
<status status="PASS" starttime="20221027 21:56:13.754" endtime="20221027 21:56:13.923"/>
</kw>
<kw name="Input Password" library="SeleniumLibrary">
<arg>${txtpassword}</arg>
<arg>${password}</arg>
<doc>Types the given password into the text field identified by ``locator``.</doc>
<msg timestamp="20221027 21:56:13.924" level="INFO">Typing password into text field 'name:password'.</msg>
<msg timestamp="20221027 21:56:13.966" level="INFO">Temporally setting log level to: NONE</msg>
<msg timestamp="20221027 21:56:14.081" level="INFO">Log level changed from NONE to INFO.</msg>
<status status="PASS" starttime="20221027 21:56:13.923" endtime="20221027 21:56:14.081"/>
</kw>
<status status="PASS" starttime="20221027 21:56:13.753" endtime="20221027 21:56:14.081"/>
</kw>
<status status="PASS" starttime="20221027 21:56:13.753" endtime="20221027 21:56:14.082"/>
</test>
<test id="s1-t3" name="Tear Down" line="29">
<kw name="Close Browser" library="SeleniumLibrary">
<doc>Closes the current browser.</doc>
<status status="PASS" starttime="20221027 21:56:14.086" endtime="20221027 21:56:16.260"/>
</kw>
<status status="PASS" starttime="20221027 21:56:14.086" endtime="20221027 21:56:16.262"/>
</test>
<status status="PASS" starttime="20221027 21:56:08.546" endtime="20221027 21:56:16.267"/>
</suite>
<statistics>
<total>
<stat pass="3" fail="0" skip="0">All Tests</stat>
</total>
<tag>
</tag>
<suite>
<stat pass="3" fail="0" skip="0" id="s1" name="Login">Login</stat>
</suite>
</statistics>
<errors>
</errors>
</robot>
